0 info it worked if it ends with ok
1 verbose cli [ '/usr/bin/node', '/usr/bin/npm', 'start' ]
2 info using npm@1.4.28
3 info using node@v0.10.37
4 verbose node symlink /usr/bin/node
5 verbose run-script [ 'prestart', 'start', 'poststart' ]
6 info prestart MyAngApp@1.0.0
7 verbose unsafe-perm in lifecycle true
8 info start MyAngApp@1.0.0
9 verbose unsafe-perm in lifecycle true
10 info MyAngApp@1.0.0 Failed to exec start script
11 error MyAngApp@1.0.0 start: `node server.js`
11 error Exit status 8
12 error Failed at the MyAngApp@1.0.0 start script.
12 error This is most likely a problem with the MyAngApp package,
12 error not with npm itself.
12 error Tell the author that this fails on your system:
12 error     node server.js
12 error You can get their info via:
12 error     npm owner ls MyAngApp
12 error There is likely additional logging output above.
13 error System Linux 3.13.0-32-generic
14 error command "/usr/bin/node" "/usr/bin/npm" "start"
15 error cwd /home/niole/code/javascript/Angular-Follow-Mad-Men/MyAngApp
16 error node -v v0.10.37
17 error npm -v 1.4.28
18 error code ELIFECYCLE
19 verbose exit [ 1, true ]
